# JRE version: OpenJDK Runtime Environment (17.0.7) (build 17.0.7+0-b2043.56-10550314)
# Java VM: OpenJDK 64-Bit Server VM (17.0.7+0-b2043.56-10550314, mixed mode, tiered, compressed oops, compressed class ptrs, g1 gc, windows-amd64)
GC Precious Log:
 CPUs: 8 total, 8 available
 Memory: 3522M
 Large Page Support: Disabled
 NUMA Support: Disabled
 Compressed Oops: Enabled (Zero based)
 Heap Region Size: 2M
 Heap Min Capacity: 8M
 Heap Initial Capacity: 56M
 Heap Max Capacity: 4G
 Pre-touch: Disabled
 Parallel Workers: 8
 Concurrent Workers: 2
 Concurrent Refinement Workers: 8
 Periodic GC: Disabled
Heap:
 garbage-first heap   total 573440K, used 362731K [0x0000000700000000, 0x0000000800000000)
  region size 2048K, 93 young (190464K), 7 survivors (14336K)
 Metaspace       used 125657K, committed 126528K, reserved 1179648K
  class space    used 17328K, committed 17728K, reserved 1048576K
GC Heap History (20 events):
Event: 42.105 GC heap before
{Heap before GC invocations=56 (full 0):
 garbage-first heap   total 167936K, used 135066K [0x0000000700000000, 0x0000000800000000)
  region size 2048K, 26 young (53248K), 2 survivors (4096K)
 Metaspace       used 94993K, committed 95744K, reserved 1179648K
  class space    used 13113K, committed 13440K, reserved 1048576K
}
Event: 42.132 GC heap after
{Heap after GC invocations=57 (full 0):
 garbage-first heap   total 167936K, used 92116K [0x0000000700000000, 0x0000000800000000)
  region size 2048K, 4 young (8192K), 4 survivors (8192K)
 Metaspace       used 94993K, committed 95744K, reserved 1179648K
  class space    used 13113K, committed 13440K, reserved 1048576K
}
Event: 51.538 GC heap before
{Heap before GC invocations=57 (full 0):
 garbage-first heap   total 167936K, used 135124K [0x0000000700000000, 0x0000000800000000)
  region size 2048K, 26 young (53248K), 4 survivors (8192K)
 Metaspace       used 97927K, committed 98752K, reserved 1179648K
  class space    used 13535K, committed 13888K, reserved 1048576K
}
Event: 51.576 GC heap after
{Heap after GC invocations=58 (full 0):
 garbage-first heap   total 167936K, used 94899K [0x0000000700000000, 0x0000000800000000)
  region size 2048K, 2 young (4096K), 2 survivors (4096K)
 Metaspace       used 97927K, committed 98752K, reserved 1179648K
  class space    used 13535K, committed 13888K, reserved 1048576K
}
Event: 54.163 GC heap before
{Heap before GC invocations=59 (full 0):
 garbage-first heap   total 174080K, used 135859K [0x0000000700000000, 0x0000000800000000)
  region size 2048K, 23 young (47104K), 2 survivors (4096K)
 Metaspace       used 101014K, committed 101760K, reserved 1179648K
  class space    used 13822K, committed 14144K, reserved 1048576K
}
Event: 54.178 GC heap after
{Heap after GC invocations=60 (full 0):
 garbage-first heap   total 174080K, used 97362K [0x0000000700000000, 0x0000000800000000)
  region size 2048K, 3 young (6144K), 3 survivors (6144K)
 Metaspace       used 101014K, committed 101760K, reserved 1179648K
  class space    used 13822K, committed 14144K, reserved 1048576K
}
Event: 54.930 GC heap before
{Heap before GC invocations=60 (full 0):
 garbage-first heap   total 174080K, used 126034K [0x0000000700000000, 0x0000000800000000)
  region size 2048K, 19 young (38912K), 3 survivors (6144K)
 Metaspace       used 101825K, committed 102656K, reserved 1179648K
  class space    used 13911K, committed 14272K, reserved 1048576K
}
Event: 54.956 GC heap after
{Heap after GC invocations=61 (full 0):
 garbage-first heap   total 174080K, used 100825K [0x0000000700000000, 0x0000000800000000)
  region size 2048K, 4 young (8192K), 4 survivors (8192K)
 Metaspace       used 101825K, committed 102656K, reserved 1179648K
  class space    used 13911K, committed 14272K, reserved 1048576K
}
Event: 55.605 GC heap before
{Heap before GC invocations=62 (full 0):
 garbage-first heap   total 192512K, used 123353K [0x0000000700000000, 0x0000000800000000)
  region size 2048K, 14 young (28672K), 4 survivors (8192K)
 Metaspace       used 104984K, committed 105792K, reserved 1179648K
  class space    used 14367K, committed 14720K, reserved 1048576K
}
Event: 55.628 GC heap after
{Heap after GC invocations=63 (full 0):
 garbage-first heap   total 192512K, used 113378K [0x0000000700000000, 0x0000000800000000)
  region size 2048K, 3 young (6144K), 3 survivors (6144K)
 Metaspace       used 104984K, committed 105792K, reserved 1179648K
  class space    used 14367K, committed 14720K, reserved 1048576K
}
Event: 56.887 GC heap before
{Heap before GC invocations=64 (full 0):
 garbage-first heap   total 233472K, used 164578K [0x0000000700000000, 0x0000000800000000)
  region size 2048K, 22 young (45056K), 3 survivors (6144K)
 Metaspace       used 107324K, committed 108224K, reserved 1179648K
  class space    used 14893K, committed 15296K, reserved 1048576K
}
Event: 56.938 GC heap after
{Heap after GC invocations=65 (full 0):
 garbage-first heap   total 233472K, used 131031K [0x0000000700000000, 0x0000000800000000)
  region size 2048K, 3 young (6144K), 3 survivors (6144K)
 Metaspace       used 107324K, committed 108224K, reserved 1179648K
  class space    used 14893K, committed 15296K, reserved 1048576K
}
Event: 57.364 GC heap before
{Heap before GC invocations=65 (full 0):
 garbage-first heap   total 233472K, used 176087K [0x0000000700000000, 0x0000000800000000)
  region size 2048K, 26 young (53248K), 3 survivors (6144K)
 Metaspace       used 107697K, committed 108544K, reserved 1179648K
  class space    used 14916K, committed 15296K, reserved 1048576K
}
Event: 57.412 GC heap after
{Heap after GC invocations=66 (full 0):
 garbage-first heap   total 233472K, used 153554K [0x0000000700000000, 0x0000000800000000)
  region size 2048K, 4 young (8192K), 4 survivors (8192K)
 Metaspace       used 107697K, committed 108544K, reserved 1179648K
  class space    used 14916K, committed 15296K, reserved 1048576K
}
Event: 57.940 GC heap before
{Heap before GC invocations=67 (full 0):
 garbage-first heap   total 286720K, used 182226K [0x0000000700000000, 0x0000000800000000)
  region size 2048K, 18 young (36864K), 4 survivors (8192K)
 Metaspace       used 110859K, committed 111680K, reserved 1179648K
  class space    used 15369K, committed 15744K, reserved 1048576K
}
Event: 57.978 GC heap after
{Heap after GC invocations=68 (full 0):
 garbage-first heap   total 573440K, used 159530K [0x0000000700000000, 0x0000000800000000)
  region size 2048K, 2 young (4096K), 2 survivors (4096K)
 Metaspace       used 110859K, committed 111680K, reserved 1179648K
  class space    used 15369K, committed 15744K, reserved 1048576K
}
Event: 58.440 GC heap before
{Heap before GC invocations=68 (full 0):
 garbage-first heap   total 573440K, used 184106K [0x0000000700000000, 0x0000000800000000)
  region size 2048K, 14 young (28672K), 2 survivors (4096K)
 Metaspace       used 111727K, committed 112512K, reserved 1179648K
  class space    used 15485K, committed 15872K, reserved 1048576K
}
Event: 58.455 GC heap after
{Heap after GC invocations=69 (full 0):
 garbage-first heap   total 573440K, used 160997K [0x0000000700000000, 0x0000000800000000)
  region size 2048K, 2 young (4096K), 2 survivors (4096K)
 Metaspace       used 111727K, committed 112512K, reserved 1179648K
  class space    used 15485K, committed 15872K, reserved 1048576K
}
Event: 60.434 GC heap before
{Heap before GC invocations=69 (full 0):
 garbage-first heap   total 573440K, used 355557K [0x0000000700000000, 0x0000000800000000)
  region size 2048K, 97 young (198656K), 2 survivors (4096K)
 Metaspace       used 114713K, committed 115584K, reserved 1179648K
  class space    used 15852K, committed 16256K, reserved 1048576K
}
Event: 60.490 GC heap after
{Heap after GC invocations=70 (full 0):
 garbage-first heap   total 573440K, used 174315K [0x0000000700000000, 0x0000000800000000)
  region size 2048K, 7 young (14336K), 7 survivors (14336K)
 Metaspace       used 114713K, committed 115584K, reserved 1179648K
  class space    used 15852K, committed 16256K, reserved 1048576K
}

