# JRE version: OpenJDK Runtime Environment (17.0.7) (build 17.0.7+0-b2043.56-10550314)
# Java VM: OpenJDK 64-Bit Server VM (17.0.7+0-b2043.56-10550314, mixed mode, tiered, compressed oops, compressed class ptrs, g1 gc, windows-amd64)
GC Precious Log:
 CPUs: 8 total, 8 available
 Memory: 3522M
 Large Page Support: Disabled
 NUMA Support: Disabled
 Compressed Oops: Enabled (Zero based)
 Heap Region Size: 2M
 Heap Min Capacity: 8M
 Heap Initial Capacity: 56M
 Heap Max Capacity: 4G
 Pre-touch: Disabled
 Parallel Workers: 8
 Concurrent Workers: 2
 Concurrent Refinement Workers: 8
 Periodic GC: Disabled
Heap:
 garbage-first heap   total 407552K, used 340605K [0x0000000700000000, 0x0000000800000000)
  region size 2048K, 3 young (6144K), 2 survivors (4096K)
 Metaspace       used 129527K, committed 130560K, reserved 1179648K
  class space    used 18361K, committed 18816K, reserved 1048576K
GC Heap History (20 events):
Event: 58.040 GC heap before
{Heap before GC invocations=46 (full 0):
 garbage-first heap   total 208896K, used 169687K [0x0000000700000000, 0x0000000800000000)
  region size 2048K, 33 young (67584K), 2 survivors (4096K)
 Metaspace       used 114784K, committed 115648K, reserved 1179648K
  class space    used 15760K, committed 16192K, reserved 1048576K
}
Event: 58.055 GC heap after
{Heap after GC invocations=47 (full 0):
 garbage-first heap   total 208896K, used 112315K [0x0000000700000000, 0x0000000800000000)
  region size 2048K, 5 young (10240K), 5 survivors (10240K)
 Metaspace       used 114784K, committed 115648K, reserved 1179648K
  class space    used 15760K, committed 16192K, reserved 1048576K
}
Event: 60.077 GC heap before
{Heap before GC invocations=47 (full 0):
 garbage-first heap   total 208896K, used 169659K [0x0000000700000000, 0x0000000800000000)
  region size 2048K, 33 young (67584K), 5 survivors (10240K)
 Metaspace       used 124488K, committed 125440K, reserved 1179648K
  class space    used 17597K, committed 18048K, reserved 1048576K
}
Event: 60.104 GC heap after
{Heap after GC invocations=48 (full 0):
 garbage-first heap   total 208896K, used 112588K [0x0000000700000000, 0x0000000800000000)
  region size 2048K, 3 young (6144K), 3 survivors (6144K)
 Metaspace       used 124488K, committed 125440K, reserved 1179648K
  class space    used 17597K, committed 18048K, reserved 1048576K
}
Event: 60.177 GC heap before
{Heap before GC invocations=48 (full 0):
 garbage-first heap   total 208896K, used 112588K [0x0000000700000000, 0x0000000800000000)
  region size 2048K, 5 young (10240K), 3 survivors (6144K)
 Metaspace       used 124972K, committed 125888K, reserved 1179648K
  class space    used 17686K, committed 18112K, reserved 1048576K
}
Event: 60.187 GC heap after
{Heap after GC invocations=49 (full 0):
 garbage-first heap   total 208896K, used 113496K [0x0000000700000000, 0x0000000800000000)
  region size 2048K, 3 young (6144K), 3 survivors (6144K)
 Metaspace       used 124972K, committed 125888K, reserved 1179648K
  class space    used 17686K, committed 18112K, reserved 1048576K
}
Event: 62.674 GC heap before
{Heap before GC invocations=50 (full 0):
 garbage-first heap   total 212992K, used 179032K [0x0000000700000000, 0x0000000800000000)
  region size 2048K, 24 young (49152K), 3 survivors (6144K)
 Metaspace       used 125875K, committed 126848K, reserved 1179648K
  class space    used 17835K, committed 18240K, reserved 1048576K
}
Event: 62.706 GC heap after
{Heap after GC invocations=51 (full 0):
 garbage-first heap   total 212992K, used 129703K [0x0000000700000000, 0x0000000800000000)
  region size 2048K, 3 young (6144K), 3 survivors (6144K)
 Metaspace       used 125875K, committed 126848K, reserved 1179648K
  class space    used 17835K, committed 18240K, reserved 1048576K
}
Event: 63.886 GC heap before
{Heap before GC invocations=51 (full 0):
 garbage-first heap   total 212992K, used 162471K [0x0000000700000000, 0x0000000800000000)
  region size 2048K, 20 young (40960K), 3 survivors (6144K)
 Metaspace       used 127091K, committed 128000K, reserved 1179648K
  class space    used 18103K, committed 18496K, reserved 1048576K
}
Event: 63.927 GC heap after
{Heap after GC invocations=52 (full 0):
 garbage-first heap   total 256000K, used 145234K [0x0000000700000000, 0x0000000800000000)
  region size 2048K, 3 young (6144K), 3 survivors (6144K)
 Metaspace       used 127091K, committed 128000K, reserved 1179648K
  class space    used 18103K, committed 18496K, reserved 1048576K
}
Event: 64.702 GC heap before
{Heap before GC invocations=52 (full 0):
 garbage-first heap   total 256000K, used 190290K [0x0000000700000000, 0x0000000800000000)
  region size 2048K, 25 young (51200K), 3 survivors (6144K)
 Metaspace       used 127330K, committed 128320K, reserved 1179648K
  class space    used 18112K, committed 18560K, reserved 1048576K
}
Event: 64.756 GC heap after
{Heap after GC invocations=53 (full 0):
 garbage-first heap   total 256000K, used 162357K [0x0000000700000000, 0x0000000800000000)
  region size 2048K, 4 young (8192K), 4 survivors (8192K)
 Metaspace       used 127330K, committed 128320K, reserved 1179648K
  class space    used 18112K, committed 18560K, reserved 1048576K
}
Event: 65.903 GC heap before
{Heap before GC invocations=53 (full 0):
 garbage-first heap   total 256000K, used 193077K [0x0000000700000000, 0x0000000800000000)
  region size 2048K, 20 young (40960K), 4 survivors (8192K)
 Metaspace       used 127401K, committed 128384K, reserved 1179648K
  class space    used 18112K, committed 18560K, reserved 1048576K
}
Event: 65.928 GC heap after
{Heap after GC invocations=54 (full 0):
 garbage-first heap   total 256000K, used 170752K [0x0000000700000000, 0x0000000800000000)
  region size 2048K, 3 young (6144K), 3 survivors (6144K)
 Metaspace       used 127401K, committed 128384K, reserved 1179648K
  class space    used 18112K, committed 18560K, reserved 1048576K
}
Event: 66.464 GC heap before
{Heap before GC invocations=54 (full 0):
 garbage-first heap   total 256000K, used 199424K [0x0000000700000000, 0x0000000800000000)
  region size 2048K, 18 young (36864K), 3 survivors (6144K)
 Metaspace       used 127468K, committed 128448K, reserved 1179648K
  class space    used 18119K, committed 18560K, reserved 1048576K
}
Event: 66.493 GC heap after
{Heap after GC invocations=55 (full 0):
 garbage-first heap   total 256000K, used 178688K [0x0000000700000000, 0x0000000800000000)
  region size 2048K, 3 young (6144K), 3 survivors (6144K)
 Metaspace       used 127468K, committed 128448K, reserved 1179648K
  class space    used 18119K, committed 18560K, reserved 1048576K
}
Event: 66.687 GC heap before
{Heap before GC invocations=55 (full 0):
 garbage-first heap   total 256000K, used 209408K [0x0000000700000000, 0x0000000800000000)
  region size 2048K, 16 young (32768K), 3 survivors (6144K)
 Metaspace       used 127481K, committed 128448K, reserved 1179648K
  class space    used 18119K, committed 18560K, reserved 1048576K
}
Event: 66.697 GC heap after
{Heap after GC invocations=56 (full 0):
 garbage-first heap   total 366592K, used 185009K [0x0000000700000000, 0x0000000800000000)
  region size 2048K, 1 young (2048K), 1 survivors (2048K)
 Metaspace       used 127481K, committed 128448K, reserved 1179648K
  class space    used 18119K, committed 18560K, reserved 1048576K
}
Event: 70.365 GC heap before
{Heap before GC invocations=56 (full 0):
 garbage-first heap   total 366592K, used 324273K [0x0000000700000000, 0x0000000800000000)
  region size 2048K, 23 young (47104K), 1 survivors (2048K)
 Metaspace       used 129578K, committed 130560K, reserved 1179648K
  class space    used 18376K, committed 18816K, reserved 1048576K
}
Event: 70.420 GC heap after
{Heap after GC invocations=57 (full 0):
 garbage-first heap   total 366592K, used 266877K [0x0000000700000000, 0x0000000800000000)
  region size 2048K, 2 young (4096K), 2 survivors (4096K)
 Metaspace       used 129578K, committed 130560K, reserved 1179648K
  class space    used 18376K, committed 18816K, reserved 1048576K
}

